<?xml version="1.0" encoding="UTF-8"?>
<testsuite xmlns:xsi="http://www.w3.org/2001/XMLSchema-instance" xsi:noNamespaceSchemaLocation="https://maven.apache.org/surefire/maven-surefire-plugin/xsd/surefire-test-report-3.0.xsd" version="3.0" name="InterpolacionTest" time="0.341" tests="3" errors="0" skipped="0" failures="0">
  <properties>
[...]
</properties>
  <testcase name="testDespliegaPuntos" classname="InterpolacionTest" time="0.177">
    <system-out><![CDATA[
=== Test despliegaPuntos ===
Mostrando puntos:
Puntos:
(1.0, 2.0)
(2.0, 3.0)
]]></system-out>
  </testcase>
  <testcase name="testMultiplicatoria" classname="InterpolacionTest" time="0.011">
    <system-out><![CDATA[Resultado obtenido multiplicatoria: -0.0
]]></system-out>
  </testcase>
  <testcase name="testInterpolacionLagrange" classname="InterpolacionTest" time="0.007">
    <system-out><![CDATA[
=== Test interpolacionLagrange ===
Interpolando en x = 2.0
Puntos usados:
(1.0, 2.0)
(2.0, 3.0)
(3.0, 5.0)
Resultado interpolado: 3.0
]]></system-out>
  </testcase>
</testsuite>